<?xml version="1.0" encoding="UTF-8"?>
<testsuite xmlns:xsi="http://www.w3.org/2001/XMLSchema-instance" xsi:noNamespaceSchemaLocation="https://maven.apache.org/surefire/maven-surefire-plugin/xsd/surefire-test-report.xsd" name="firstproject.TestCreateUser" time="0.006" tests="1" errors="0" skipped="0" failures="1">
  <properties>
[...]
</properties>
  <testcase name="firstproject.TestCreateUser.testCreateUserWithValidataInput" classname="firstproject.TestCreateUser" time="0.001">
    <failure message="Unresolved compilation problems: &#10;	Syntax error on token &quot;void&quot;, record expected&#10;	void is an invalid type for the variable testCreateUserWithInvalidataInput&#10;	Syntax error, insert &quot;... VariableDeclaratorId&quot; to complete FormalParameter&#10;	Syntax error, insert &quot;)&quot; to complete ConstructorDeclaration&#10;	Syntax error, insert &quot;;&quot; to complete ConstructorDeclaration&#10;	Syntax error, insert &quot;}&quot; to complete RecordBody&#10;	Syntax error on tokens, delete these tokens&#10;	Syntax error on token &quot;void&quot;, record expected&#10;	Syntax error, insert &quot;... VariableDeclaratorId&quot; to complete FormalParameter&#10;	Syntax error, insert &quot;)&quot; to complete ConstructorDeclaration&#10;	Syntax error, insert &quot;;&quot; to complete ConstructorDeclaration&#10;	Syntax error, insert &quot;}&quot; to complete RecordBody&#10;	Syntax error, insert &quot;)&quot; to complete Expression&#10;	Syntax error, insert &quot;AssignmentOperator Expression&quot; to complete Assignment&#10;	Syntax error, insert &quot;;&quot; to complete Statement&#10;" type="java.lang.Error">java.lang.Error: 
Unresolved compilation problems: 
	Syntax error on token "void", record expected
	void is an invalid type for the variable testCreateUserWithInvalidataInput
	Syntax error, insert "... VariableDeclaratorId" to complete FormalParameter
	Syntax error, insert ")" to complete ConstructorDeclaration
	Syntax error, insert ";" to complete ConstructorDeclaration
	Syntax error, insert "}" to complete RecordBody
	Syntax error on tokens, delete these tokens
	Syntax error on token "void", record expected
	Syntax error, insert "... VariableDeclaratorId" to complete FormalParameter
	Syntax error, insert ")" to complete ConstructorDeclaration
	Syntax error, insert ";" to complete ConstructorDeclaration
	Syntax error, insert "}" to complete RecordBody
	Syntax error, insert ")" to complete Expression
	Syntax error, insert "AssignmentOperator Expression" to complete Assignment
	Syntax error, insert ";" to complete Statement

	at firstproject.TestCreateUser.testCreateUserWithValidataInput(TestCreateUser.java:31)
</failure>
  </testcase>
</testsuite>